<?xml version="1.0" encoding="UTF-8"?>
<!-- Generated by org.testng.reporters.JUnitReportReporter -->
<testsuite hostname="DESKTOP-P2FITBV" failures="0" tests="2" name="cucumber.TestNGTestRunner" time="0.183" errors="2" timestamp="2023-03-06T10:13:53 EST" skipped="0">
  <testcase classname="cucumber.TestNGTestRunner" name="runScenario" time="0.164">
    <error message="Cannot invoke &quot;org.openqa.selenium.WebDriver.manage()&quot; because &quot;this.driver&quot; is null" type="java.lang.NullPointerException">
      <![CDATA[java.lang.NullPointerException: Cannot invoke "org.openqa.selenium.WebDriver.manage()" because "this.driver" is null
at RahulShettyAcademy.TestComponents.BaseTest.initializationDriver(BaseTest.java:69)
at RahulShettyAcademy.TestComponents.BaseTest.launchApplication(BaseTest.java:102)
at RahulShettyAcademy.stepDefination.StepDefination.I_landed_on_Ecommerce_Page(StepDefination.java:27)
at ✽.I landed on Ecommerce Page(file:///C:/Users/chauh/newFramework/SeleniumFrameworkDesign/src/test/java/cucumber/ErrorValidationsTest.feature:10)
]]>
    </error>
  </testcase> <!-- runScenario -->
  <system-out/>
  <testcase classname="cucumber.TestNGTestRunner" name="runScenario" time="0.019">
    <error message="Cannot invoke &quot;org.openqa.selenium.WebDriver.manage()&quot; because &quot;this.driver&quot; is null" type="java.lang.NullPointerException">
      <![CDATA[java.lang.NullPointerException: Cannot invoke "org.openqa.selenium.WebDriver.manage()" because "this.driver" is null
at RahulShettyAcademy.TestComponents.BaseTest.initializationDriver(BaseTest.java:69)
at RahulShettyAcademy.TestComponents.BaseTest.launchApplication(BaseTest.java:102)
at RahulShettyAcademy.stepDefination.StepDefination.I_landed_on_Ecommerce_Page(StepDefination.java:27)
at ✽.I landed on Ecommerce Page(file:///C:/Users/chauh/newFramework/SeleniumFrameworkDesign/src/test/java/cucumber/SubmitOrder.feature:7)
]]>
    </error>
  </testcase> <!-- runScenario -->
  <system-out/>
</testsuite> <!-- cucumber.TestNGTestRunner -->
