<?xml version="1.0" encoding="UTF-8"?>
<!-- Generated by org.testng.reporters.JUnitReportReporter -->
<testsuite hostname="DESKTOP-P2FITBV" failures="0" tests="1" name="RahulShettyAcademy.Test.ErrorValidations" time="8.114" errors="0" timestamp="2023-02-17T07:38:39 EST" skipped="0">
  <testcase classname="RahulShettyAcademy.Test.ErrorValidations" name="submitOrder" time="8.114"/>
  <system-out/>
</testsuite> <!-- RahulShettyAcademy.Test.ErrorValidations -->
