<?xml version="1.0" encoding="UTF-8"?>
<!-- Generated by org.testng.reporters.JUnitReportReporter -->
<testsuite hostname="DESKTOP-P2FITBV" failures="0" tests="3" name="RahulShettyAcademy.Test.SubmitOrderTest" time="47.380" errors="0" timestamp="2023-03-02T13:48:53 EST" skipped="0">
  <testcase classname="RahulShettyAcademy.Test.SubmitOrderTest" name="orderHistoryTest" time="6.041"/>
  <system-out/>
  <testcase classname="RahulShettyAcademy.Test.SubmitOrderTest" name="submitOrder" time="21.225"/>
  <system-out/>
  <testcase classname="RahulShettyAcademy.Test.SubmitOrderTest" name="submitOrder" time="20.114"/>
  <system-out/>
</testsuite> <!-- RahulShettyAcademy.Test.SubmitOrderTest -->
