<?xml version="1.0" encoding="UTF-8"?>
<!-- Generated by org.testng.reporters.JUnitReportReporter -->
<testsuite hostname="DESKTOP-P2FITBV" failures="0" tests="2" name="RahulShettyAcademy.Test.ErrorValidationsTest" time="30.246" errors="0" timestamp="2023-03-02T13:48:53 EST" skipped="0">
  <testcase classname="RahulShettyAcademy.Test.ErrorValidationsTest" name="productErrorvalidation" time="19.477"/>
  <system-out/>
  <testcase classname="RahulShettyAcademy.Test.ErrorValidationsTest" name="loginerrorvalidation" time="10.769"/>
  <system-out/>
</testsuite> <!-- RahulShettyAcademy.Test.ErrorValidationsTest -->
